c:\dev\_vista\vista\bin_int\x64\release\vc143.pdb
c:\dev\_vista\vista\bin_int\x64\release\std_image.obj
c:\dev\_vista\vista\bin_int\x64\release\main.obj
c:\dev\_vista\vista\bin_int\x64\release\initglad.obj
c:\dev\_vista\vista\bin_int\x64\release\fileimport.obj
c:\dev\_vista\vista\bin_int\x64\release\window.obj
c:\dev\_vista\vista\bin_int\x64\release\camera.obj
c:\dev\_vista\vista\bin_int\x64\release\renderer.obj
c:\dev\_vista\vista\bin_int\x64\release\openglshader.obj
c:\dev\_vista\vista\bin_int\x64\release\openglbuffer.obj
c:\dev\_vista\vista\bin_int\x64\release\model.obj
c:\dev\_vista\vista\bin_int\x64\release\log.obj
c:\dev\_vista\vista\bin_int\x64\release\layerstack.obj
c:\dev\_vista\vista\bin_int\x64\release\layer.obj
c:\dev\_vista\vista\bin_int\x64\release\input.obj
c:\dev\_vista\vista\bin_int\x64\release\application.obj
c:\dev\_vista\vista\bin_int\x64\release\basicmesh.obj
c:\dev\_vista\vista\bin_int\x64\release\aimporter.obj
c:\dev\_vista\vista\bin_int\x64\release\scene.obj
c:\dev\_vista\vista\bin_int\x64\release\node.obj
c:\dev\_vista\vista\bin_int\x64\release\basicmaterial.obj
c:\dev\_vista\vista\bin_int\x64\release\glad.obj
c:\dev\_vista\vista\bin_int\x64\release\gltf_import.obj
c:\dev\_vista\vista\bin\x64\release\vista.exe
c:\dev\_vista\vista\bin_int\x64\release\vista.ipdb
c:\dev\_vista\vista\bin\x64\release\vista.pdb
c:\dev\_vista\vista\bin_int\x64\release\vista.iobj
c:\dev\_vista\vista\bin_int\x64\release\vista.vcxproj.filelistabsolute.txt
c:\dev\_vista\vista\bin_int\x64\release\vista.tlog\cl.command.1.tlog
c:\dev\_vista\vista\bin_int\x64\release\vista.tlog\cl.read.1.tlog
c:\dev\_vista\vista\bin_int\x64\release\vista.tlog\cl.write.1.tlog
c:\dev\_vista\vista\bin_int\x64\release\vista.tlog\link.command.1.tlog
c:\dev\_vista\vista\bin_int\x64\release\vista.tlog\link.read.1.tlog
c:\dev\_vista\vista\bin_int\x64\release\vista.tlog\link.write.1.tlog
