  GLTF_Import.cpp
C:\Program Files (x86)\Windows Kits\10\Include\10.0.22621.0\shared\minwindef.h(130,9): warning C4005: 'APIENTRY': macro redefinition
  (compiling source file 'src/Engine/Scene/GLTF_Import.cpp')
      C:\dev\_vista\Vista\Vista\vendor\glad\include\glad\glad.h(32,9):
      see previous definition of 'APIENTRY'
  
C:\dev\_vista\Vista\Vista\src\Engine\Events\MouseEvent.h(12,35): warning C4244: 'return': conversion from 'double' to 'float', possible loss of data
  (compiling source file 'src/Engine/Scene/GLTF_Import.cpp')
  
C:\dev\_vista\Vista\Vista\src\Engine\Events\MouseEvent.h(13,35): warning C4244: 'return': conversion from 'double' to 'float', possible loss of data
  (compiling source file 'src/Engine/Scene/GLTF_Import.cpp')
  
C:\dev\_vista\Vista\Vista\src\Engine\Scene\GLTF_Import.cpp(226,9): warning C4129: 'N': unrecognized character escape sequence
C:\dev\_vista\Vista\Vista\src\Engine\Scene\GLTF_Import.cpp(250,28): warning C4018: '<': signed/unsigned mismatch
C:\dev\_vista\Vista\Vista\src\Engine\Scene\GLTF_Import.cpp(475,9): warning C4129: 'N': unrecognized character escape sequence
C:\dev\_vista\Vista\Vista\src\Engine\Scene\GLTF_Import.cpp(499,28): warning C4018: '<': signed/unsigned mismatch
C:\dev\_vista\Vista\Vista\src\Engine\Scene\GLTF_Import.cpp(589,39): warning C4267: '=': conversion from 'size_t' to 'int', possible loss of data
C:\dev\_vista\Vista\Vista\src\Engine\Scene\GLTF_Import.cpp(592,35): warning C4267: '=': conversion from 'size_t' to 'int', possible loss of data
LINK : warning LNK4098: defaultlib 'MSVCRTD' conflicts with use of other libs; use /NODEFAULTLIB:library
  Generating code
  3 of 4890 functions (<0.1%) were compiled, the rest were copied from previous compilation.
    0 functions were new in current compilation
    10 functions had inline decision re-evaluated but remain unchanged
  Finished generating code
  Vista.vcxproj -> C:\dev\_vista\Vista\bin\x64\Release\Vista.exe
