c:\dev\_vista\vista\bin_int\x64\debug\vc143.pdb
c:\dev\_vista\vista\bin_int\x64\debug\vc143.idb
c:\dev\_vista\vista\bin_int\x64\debug\std_image.obj
c:\dev\_vista\vista\bin_int\x64\debug\main.obj
c:\dev\_vista\vista\bin_int\x64\debug\initglad.obj
c:\dev\_vista\vista\bin_int\x64\debug\fileimport.obj
c:\dev\_vista\vista\bin_int\x64\debug\window.obj
c:\dev\_vista\vista\bin_int\x64\debug\camera.obj
c:\dev\_vista\vista\bin_int\x64\debug\renderer.obj
c:\dev\_vista\vista\bin_int\x64\debug\openglshader.obj
c:\dev\_vista\vista\bin_int\x64\debug\openglbuffer.obj
c:\dev\_vista\vista\bin_int\x64\debug\model.obj
c:\dev\_vista\vista\bin_int\x64\debug\log.obj
c:\dev\_vista\vista\bin_int\x64\debug\layerstack.obj
c:\dev\_vista\vista\bin_int\x64\debug\layer.obj
c:\dev\_vista\vista\bin_int\x64\debug\input.obj
c:\dev\_vista\vista\bin_int\x64\debug\application.obj
c:\dev\_vista\vista\bin_int\x64\debug\aimporter.obj
c:\dev\_vista\vista\bin_int\x64\debug\gltf_import.obj
c:\dev\_vista\vista\bin_int\x64\debug\glad.obj
c:\dev\_vista\vista\bin\x64\debug\vista.exe
c:\dev\_vista\vista\bin\x64\debug\vista.pdb
c:\dev\_vista\vista\bin_int\x64\debug\vista.ilk
c:\dev\_vista\vista\bin_int\x64\debug\vista.vcxproj.filelistabsolute.txt
c:\dev\_vista\vista\bin_int\x64\debug\vista.tlog\cl.command.1.tlog
c:\dev\_vista\vista\bin_int\x64\debug\vista.tlog\cl.items.tlog
c:\dev\_vista\vista\bin_int\x64\debug\vista.tlog\cl.read.1.tlog
c:\dev\_vista\vista\bin_int\x64\debug\vista.tlog\cl.write.1.tlog
c:\dev\_vista\vista\bin_int\x64\debug\vista.tlog\link.command.1.tlog
c:\dev\_vista\vista\bin_int\x64\debug\vista.tlog\link.read.1.tlog
c:\dev\_vista\vista\bin_int\x64\debug\vista.tlog\link.secondary.1.tlog
c:\dev\_vista\vista\bin_int\x64\debug\vista.tlog\link.write.1.tlog
